<?xml version="1.0" encoding="UTF-8"?>
<!-- Generated by org.testng.reporters.JUnitXMLReporter -->
<testsuite ignored="3" hostname="Jaggu" failures="3" tests="3" name="Test" time="0.178" errors="0" timestamp="2024-05-19T16:04:52 IST">
  <testcase classname="com.mystore.testcases.LoginPageTestxml" name="loginTest" time="0.072">
    <failure type="java.lang.IllegalArgumentException" message="Driver must be set">
      <![CDATA[java.lang.IllegalArgumentException: Driver must be set
at org.openqa.selenium.internal.Require.nonNull(Require.java:60)
at org.openqa.selenium.interactions.Actions.<init>(Actions.java:58)
at com.mystore.actiondriver.Action.click(Action.java:41)
at com.mystore.pageobjects.IndexPage.clickOnSignIn(IndexPage.java:24)
at com.mystore.testcases.LoginPageTestxml.loginTest(LoginPageTestxml.java:39)
at java.base/java.util.ArrayList.forEach(ArrayList.java:1511)
... Removed 25 stack frames]]>
    </failure>
  </testcase> <!-- loginTest -->
  <testcase classname="com.mystore.testcases.endToEndTestxml" name="endToEndTest" time="0.002">
    <failure type="java.lang.IllegalArgumentException" message="Driver must be set">
      <![CDATA[java.lang.IllegalArgumentException: Driver must be set
at org.openqa.selenium.internal.Require.nonNull(Require.java:60)
at org.openqa.selenium.interactions.Actions.<init>(Actions.java:58)
at com.mystore.actiondriver.Action.click(Action.java:41)
at com.mystore.pageobjects.IndexPage.clickOnSignIn(IndexPage.java:24)
at com.mystore.testcases.endToEndTestxml.endToEndTest(endToEndTestxml.java:50)
at java.base/java.util.ArrayList.forEach(ArrayList.java:1511)
... Removed 25 stack frames]]>
    </failure>
  </testcase> <!-- endToEndTest -->
  <testcase classname="com.mystore.testcases.IndexPageTestxml" name="verifyTitle" time="0.003">
    <failure type="java.lang.NullPointerException" message="Cannot invoke &amp;quot;com.mystore.pageobjects.IndexPage.getMyStoreTitle()&amp;quot; because &amp;quot;this.indexPage&amp;quot; is null">
      <![CDATA[java.lang.NullPointerException: Cannot invoke "com.mystore.pageobjects.IndexPage.getMyStoreTitle()" because "this.indexPage" is null
at com.mystore.testcases.IndexPageTestxml.verifyTitle(IndexPageTestxml.java:36)
at java.base/java.util.ArrayList.forEach(ArrayList.java:1511)
... Removed 25 stack frames]]>
    </failure>
  </testcase> <!-- verifyTitle -->
  <testcase classname="com.mystore.base.BaseClass" name="@BeforeSuite loadconfig" time="0.0">
    <ignored/>
  </testcase> <!-- @BeforeSuite loadconfig -->
  <testcase classname="com.mystore.base.BaseClass" name="@BeforeSuite loadconfig" time="0.0">
    <ignored/>
  </testcase> <!-- @BeforeSuite loadconfig -->
  <testcase classname="com.mystore.testcases.IndexPageTestxml" name="verifyLogo" time="0.0">
    <ignored/>
  </testcase> <!-- verifyLogo -->
</testsuite> <!-- Test -->
