<?xml version="1.0" encoding="UTF-8"?>
<!-- Generated by org.testng.reporters.JUnitXMLReporter -->
<testsuite ignored="0" hostname="Jaggu" failures="3" tests="3" name="Test" time="68.781" errors="0" timestamp="2024-06-03T11:14:43 IST">
  <testcase classname="com.mystore.testcases.AccountCreationPageGrouping" name="verifyAccountCreationLandingPage" time="7.839">
    <failure type="java.lang.AssertionError" message="expected [true] but found [false]">
      <![CDATA[java.lang.AssertionError: expected [true] but found [false]
at com.mystore.testcases.AccountCreationPageGrouping.verifyAccountCreationLandingPage(AccountCreationPageGrouping.java:79)
at java.base/java.util.ArrayList.forEach(ArrayList.java:1511)
... Removed 29 stack frames]]>
    </failure>
  </testcase> <!-- verifyAccountCreationLandingPage -->
  <testcase classname="com.mystore.testcases.AccountCreationPageGrouping" name="verifyAccountCreationLandingPage" time="7.766">
    <failure type="java.lang.AssertionError" message="expected [true] but found [false]">
      <![CDATA[java.lang.AssertionError: expected [true] but found [false]
at com.mystore.testcases.AccountCreationPageGrouping.verifyAccountCreationLandingPage(AccountCreationPageGrouping.java:79)
at java.base/java.util.ArrayList.forEach(ArrayList.java:1511)
... Removed 29 stack frames]]>
    </failure>
  </testcase> <!-- verifyAccountCreationLandingPage -->
  <testcase classname="com.mystore.testcases.AccountCreationPageGrouping" name="verifyAccountCreationLandingPage" time="7.615">
    <failure type="java.lang.AssertionError" message="expected [true] but found [false]">
      <![CDATA[java.lang.AssertionError: expected [true] but found [false]
at com.mystore.testcases.AccountCreationPageGrouping.verifyAccountCreationLandingPage(AccountCreationPageGrouping.java:79)
at java.base/java.util.ArrayList.forEach(ArrayList.java:1511)
... Removed 29 stack frames]]>
    </failure>
  </testcase> <!-- verifyAccountCreationLandingPage -->
</testsuite> <!-- Test -->
