<?xml version="1.0" encoding="UTF-8"?>
<testng-results ignored="0" total="1" passed="1" failed="0" skipped="0">
  <reporter-output>
  </reporter-output>
  <suite started-at="2024-06-08T14:51:15 IST" name="Default suite" finished-at="2024-06-08T14:51:46 IST" duration-ms="31250">
    <groups>
    </groups>
    <test started-at="2024-06-08T14:51:15 IST" name="Default test" finished-at="2024-06-08T14:51:46 IST" duration-ms="31250">
      <class name="com.mystore.testcases.SFLoginTest">
        <test-method is-config="true" signature="loadconfig()[pri:0, instance:com.mystore.testcases.SFLoginTest@8c3b9d]" started-at="2024-06-08T14:51:15 IST" name="loadconfig" finished-at="2024-06-08T14:51:15 IST" duration-ms="311" status="PASS">
          <reporter-output>
          </reporter-output>
        </test-method> <!-- loadconfig -->
        <test-method is-config="true" signature="beforeTest()[pri:0, instance:com.mystore.testcases.SFLoginTest@8c3b9d]" started-at="2024-06-08T14:51:15 IST" name="beforeTest" finished-at="2024-06-08T14:51:15 IST" duration-ms="1" status="PASS">
          <reporter-output>
          </reporter-output>
        </test-method> <!-- beforeTest -->
        <test-method is-config="true" signature="beforeClass()[pri:0, instance:com.mystore.testcases.SFLoginTest@8c3b9d]" started-at="2024-06-08T14:51:15 IST" name="beforeClass" finished-at="2024-06-08T14:51:15 IST" duration-ms="0" status="PASS">
          <reporter-output>
          </reporter-output>
        </test-method> <!-- beforeClass -->
        <test-method is-config="true" signature="setup()[pri:0, instance:com.mystore.testcases.SFLoginTest@8c3b9d]" started-at="2024-06-08T14:51:15 IST" name="setup" finished-at="2024-06-08T14:51:35 IST" duration-ms="19583" status="PASS">
          <reporter-output>
          </reporter-output>
        </test-method> <!-- setup -->
        <test-method signature="loginTest()[pri:0, instance:com.mystore.testcases.SFLoginTest@8c3b9d]" started-at="2024-06-08T14:51:35 IST" name="loginTest" finished-at="2024-06-08T14:51:46 IST" duration-ms="11103" status="PASS">
          <reporter-output>
          </reporter-output>
        </test-method> <!-- loginTest -->
        <test-method is-config="true" signature="tearDown()[pri:0, instance:com.mystore.testcases.SFLoginTest@8c3b9d]" started-at="2024-06-08T14:51:46 IST" name="tearDown" finished-at="2024-06-08T14:51:46 IST" duration-ms="508" status="PASS">
          <reporter-output>
          </reporter-output>
        </test-method> <!-- tearDown -->
        <test-method is-config="true" signature="afterClass()[pri:0, instance:com.mystore.testcases.SFLoginTest@8c3b9d]" started-at="2024-06-08T14:51:46 IST" name="afterClass" finished-at="2024-06-08T14:51:46 IST" duration-ms="0" status="PASS">
          <reporter-output>
          </reporter-output>
        </test-method> <!-- afterClass -->
        <test-method is-config="true" signature="afterTest()[pri:0, instance:com.mystore.testcases.SFLoginTest@8c3b9d]" started-at="2024-06-08T14:51:46 IST" name="afterTest" finished-at="2024-06-08T14:51:46 IST" duration-ms="0" status="PASS">
          <reporter-output>
          </reporter-output>
        </test-method> <!-- afterTest -->
        <test-method is-config="true" signature="afterSuite()[pri:0, instance:com.mystore.testcases.SFLoginTest@8c3b9d]" started-at="2024-06-08T14:51:46 IST" name="afterSuite" finished-at="2024-06-08T14:51:46 IST" duration-ms="0" status="PASS">
          <reporter-output>
          </reporter-output>
        </test-method> <!-- afterSuite -->
      </class> <!-- com.mystore.testcases.SFLoginTest -->
    </test> <!-- Default test -->
  </suite> <!-- Default suite -->
</testng-results>
